<?xml version="1.0" encoding="UTF-8"?>
<!-- Generated by org.testng.reporters.JUnitXMLReporter -->
<testsuite ignored="0" hostname="DESKTOP-RMEHIQE" failures="0" tests="19" name="Default test" time="0.663" errors="0" timestamp="2022-01-24T23:55:59 IST">
  <testcase classname="TestNg.Dptestcase" name="testcase" time="0.006"/>
  <testcase classname="TestNg.Dptestcase" name="testcase" time="0.002"/>
  <testcase classname="TestNg.Dptestcase" name="testcase" time="0.003"/>
  <testcase classname="TestNg.Dptestcase" name="testcase" time="0.002"/>
  <testcase classname="TestNg.Dptestcase" name="testcase" time="0.003"/>
  <testcase classname="TestNg.Dptestcase" name="testcase" time="0.004"/>
  <testcase classname="TestNg.Dptestcase" name="testcase" time="0.004"/>
  <testcase classname="TestNg.Dptestcase" name="testcase" time="0.003"/>
  <testcase classname="TestNg.Dptestcase" name="testcase" time="0.006"/>
  <testcase classname="TestNg.Dptestcase" name="testcase" time="0.004"/>
  <testcase classname="TestNg.Dptestcase" name="testcase" time="0.002"/>
  <testcase classname="TestNg.Dptestcase" name="testcase" time="0.001"/>
  <testcase classname="TestNg.Dptestcase" name="testcase" time="0.0"/>
  <testcase classname="TestNg.Dptestcase" name="testcase" time="0.003"/>
  <testcase classname="TestNg.Dptestcase" name="testcase" time="0.002"/>
  <testcase classname="TestNg.Dptestcase" name="testcase" time="0.001"/>
  <testcase classname="TestNg.Dptestcase" name="testcase" time="0.001"/>
  <testcase classname="TestNg.Dptestcase" name="testcase" time="0.001"/>
  <testcase classname="TestNg.Dptestcase" name="testcase" time="0.0"/>
</testsuite> <!-- Default test -->
