<?xml version="1.0" encoding="UTF-8"?>
<!-- Generated by org.testng.reporters.JUnitXMLReporter -->
<testsuite ignored="0" hostname="DESKTOP-RMEHIQE" failures="0" tests="3" name="Module 1" time="0.049" errors="0" timestamp="2022-01-13T10:18:19 IST">
  <testcase classname="TestNg.ParallelExecutionOfTestTagExm1" name="Buybutton" time="0.011"/>
  <testcase classname="TestNg.ParallelExecutionOfTestTagExm1" name="Searchbox" time="0.002"/>
  <testcase classname="TestNg.ParallelExecutionOfTestTagExm1" name="login" time="0.001"/>
</testsuite> <!-- Module 1 -->
