<?xml version="1.0" encoding="UTF-8"?>
<!-- Generated by org.testng.reporters.JUnitXMLReporter -->
<testsuite ignored="0" hostname="DESKTOP-RMEHIQE" failures="0" tests="3" name="regression test cases" time="0.062" errors="0" timestamp="2022-01-08T19:37:25 IST">
  <testcase classname="TestNg.Test1" name="Searchbox" time="0.01"/>
  <testcase classname="TestNg.Test1" name="login" time="0.002"/>
  <testcase classname="TestNg.Test1" name="Buybutton" time="0.005"/>
</testsuite> <!-- regression test cases -->
