<?xml version="1.0" encoding="UTF-8"?>
<!-- Generated by org.testng.reporters.JUnitXMLReporter -->
<testsuite ignored="1" hostname="DESKTOP-RMEHIQE" failures="1" tests="5" name="Test1" time="0.025" errors="0" timestamp="2022-01-20T16:44:55 IST">
  <testcase classname="TestNg.dependsOnMethod" name="login" time="0.002">
    <failure type="java.lang.AssertionError" message="null">
      <![CDATA[java.lang.AssertionError: null
at TestNg.dependsOnMethod.login(dependsOnMethod.java:17)
at java.base/java.util.ArrayList.forEach(ArrayList.java:1511)
... Removed 29 stack frames]]>
    </failure>
  </testcase> <!-- login -->
  <testcase classname="TestNg.dependsOnMethod" name="Searchbox" time="0.0">
    <skipped/>
  </testcase> <!-- Searchbox -->
  <testcase classname="TestNg.dependsOnMethod" name="Buybutton" time="0.001"/>
  <testcase classname="TestNg.Enabled" name="login" time="0.001"/>
  <testcase classname="TestNg.Enabled" name="Buybutton" time="0.001"/>
  <testcase classname="TestNg.Enabled" name="Searchbox" time="0.0">
    <ignored/>
  </testcase> <!-- Searchbox -->
</testsuite> <!-- Test1 -->
