<?xml version="1.0" encoding="UTF-8"?>
<testng-results ignored="0" total="19" passed="19" failed="0" skipped="0">
  <reporter-output>
  </reporter-output>
  <suite started-at="2022-01-24T23:55:58 IST" name="Default suite" finished-at="2022-01-24T23:55:59 IST" duration-ms="663">
    <groups>
    </groups>
    <test started-at="2022-01-24T23:55:58 IST" name="Default test" finished-at="2022-01-24T23:55:59 IST" duration-ms="663">
      <class name="TestNg.Dptestcase">
        <test-method signature="testcase(java.lang.String,java.lang.String)[pri:0, instance:TestNg.Dptestcase@52af26ee]" started-at="2022-01-24T23:55:59 IST" name="testcase" data-provider="testdata" finished-at="2022-01-24T23:55:59 IST" duration-ms="6" status="PASS">
          <params>
            <param index="0">
              <value>
                <![CDATA[username1]]>
              </value>
            </param>
            <param index="1">
              <value>
                <![CDATA[password1]]>
              </value>
            </param>
          </params>
          <reporter-output>
          </reporter-output>
        </test-method> <!-- testcase -->
        <test-method signature="testcase(java.lang.String,java.lang.String)[pri:0, instance:TestNg.Dptestcase@52af26ee]" started-at="2022-01-24T23:55:59 IST" name="testcase" data-provider="testdata" finished-at="2022-01-24T23:55:59 IST" duration-ms="2" status="PASS">
          <params>
            <param index="0">
              <value>
                <![CDATA[username2]]>
              </value>
            </param>
            <param index="1">
              <value>
                <![CDATA[password2]]>
              </value>
            </param>
          </params>
          <reporter-output>
          </reporter-output>
        </test-method> <!-- testcase -->
        <test-method signature="testcase(java.lang.String,java.lang.String)[pri:0, instance:TestNg.Dptestcase@52af26ee]" started-at="2022-01-24T23:55:59 IST" name="testcase" data-provider="testdata" finished-at="2022-01-24T23:55:59 IST" duration-ms="3" status="PASS">
          <params>
            <param index="0">
              <value>
                <![CDATA[username3]]>
              </value>
            </param>
            <param index="1">
              <value>
                <![CDATA[password3]]>
              </value>
            </param>
          </params>
          <reporter-output>
          </reporter-output>
        </test-method> <!-- testcase -->
        <test-method signature="testcase(java.lang.String,java.lang.String)[pri:0, instance:TestNg.Dptestcase@52af26ee]" started-at="2022-01-24T23:55:59 IST" name="testcase" data-provider="testdata" finished-at="2022-01-24T23:55:59 IST" duration-ms="2" status="PASS">
          <params>
            <param index="0">
              <value>
                <![CDATA[username4]]>
              </value>
            </param>
            <param index="1">
              <value>
                <![CDATA[password4]]>
              </value>
            </param>
          </params>
          <reporter-output>
          </reporter-output>
        </test-method> <!-- testcase -->
        <test-method signature="testcase(java.lang.String,java.lang.String)[pri:0, instance:TestNg.Dptestcase@52af26ee]" started-at="2022-01-24T23:55:59 IST" name="testcase" data-provider="testdata" finished-at="2022-01-24T23:55:59 IST" duration-ms="3" status="PASS">
          <params>
            <param index="0">
              <value>
                <![CDATA[username5]]>
              </value>
            </param>
            <param index="1">
              <value>
                <![CDATA[password5]]>
              </value>
            </param>
          </params>
          <reporter-output>
          </reporter-output>
        </test-method> <!-- testcase -->
        <test-method signature="testcase(java.lang.String,java.lang.String)[pri:0, instance:TestNg.Dptestcase@52af26ee]" started-at="2022-01-24T23:55:59 IST" name="testcase" data-provider="testdata" finished-at="2022-01-24T23:55:59 IST" duration-ms="4" status="PASS">
          <params>
            <param index="0">
              <value>
                <![CDATA[username6]]>
              </value>
            </param>
            <param index="1">
              <value>
                <![CDATA[password6]]>
              </value>
            </param>
          </params>
          <reporter-output>
          </reporter-output>
        </test-method> <!-- testcase -->
        <test-method signature="testcase(java.lang.String,java.lang.String)[pri:0, instance:TestNg.Dptestcase@52af26ee]" started-at="2022-01-24T23:55:59 IST" name="testcase" data-provider="testdata" finished-at="2022-01-24T23:55:59 IST" duration-ms="4" status="PASS">
          <params>
            <param index="0">
              <value>
                <![CDATA[username7]]>
              </value>
            </param>
            <param index="1">
              <value>
                <![CDATA[password7]]>
              </value>
            </param>
          </params>
          <reporter-output>
          </reporter-output>
        </test-method> <!-- testcase -->
        <test-method signature="testcase(java.lang.String,java.lang.String)[pri:0, instance:TestNg.Dptestcase@52af26ee]" started-at="2022-01-24T23:55:59 IST" name="testcase" data-provider="testdata" finished-at="2022-01-24T23:55:59 IST" duration-ms="3" status="PASS">
          <params>
            <param index="0">
              <value>
                <![CDATA[username8]]>
              </value>
            </param>
            <param index="1">
              <value>
                <![CDATA[password8]]>
              </value>
            </param>
          </params>
          <reporter-output>
          </reporter-output>
        </test-method> <!-- testcase -->
        <test-method signature="testcase(java.lang.String,java.lang.String)[pri:0, instance:TestNg.Dptestcase@52af26ee]" started-at="2022-01-24T23:55:59 IST" name="testcase" data-provider="testdata" finished-at="2022-01-24T23:55:59 IST" duration-ms="6" status="PASS">
          <params>
            <param index="0">
              <value>
                <![CDATA[username9]]>
              </value>
            </param>
            <param index="1">
              <value>
                <![CDATA[password9]]>
              </value>
            </param>
          </params>
          <reporter-output>
          </reporter-output>
        </test-method> <!-- testcase -->
        <test-method signature="testcase(java.lang.String,java.lang.String)[pri:0, instance:TestNg.Dptestcase@52af26ee]" started-at="2022-01-24T23:55:59 IST" name="testcase" data-provider="testdata" finished-at="2022-01-24T23:55:59 IST" duration-ms="4" status="PASS">
          <params>
            <param index="0">
              <value>
                <![CDATA[username10]]>
              </value>
            </param>
            <param index="1">
              <value>
                <![CDATA[password10]]>
              </value>
            </param>
          </params>
          <reporter-output>
          </reporter-output>
        </test-method> <!-- testcase -->
        <test-method signature="testcase(java.lang.String,java.lang.String)[pri:0, instance:TestNg.Dptestcase@52af26ee]" started-at="2022-01-24T23:55:59 IST" name="testcase" data-provider="testdata" finished-at="2022-01-24T23:55:59 IST" duration-ms="2" status="PASS">
          <params>
            <param index="0">
              <value>
                <![CDATA[username11]]>
              </value>
            </param>
            <param index="1">
              <value>
                <![CDATA[password11]]>
              </value>
            </param>
          </params>
          <reporter-output>
          </reporter-output>
        </test-method> <!-- testcase -->
        <test-method signature="testcase(java.lang.String,java.lang.String)[pri:0, instance:TestNg.Dptestcase@52af26ee]" started-at="2022-01-24T23:55:59 IST" name="testcase" data-provider="testdata" finished-at="2022-01-24T23:55:59 IST" duration-ms="1" status="PASS">
          <params>
            <param index="0">
              <value>
                <![CDATA[username12]]>
              </value>
            </param>
            <param index="1">
              <value>
                <![CDATA[password12]]>
              </value>
            </param>
          </params>
          <reporter-output>
          </reporter-output>
        </test-method> <!-- testcase -->
        <test-method signature="testcase(java.lang.String,java.lang.String)[pri:0, instance:TestNg.Dptestcase@52af26ee]" started-at="2022-01-24T23:55:59 IST" name="testcase" data-provider="testdata" finished-at="2022-01-24T23:55:59 IST" duration-ms="0" status="PASS">
          <params>
            <param index="0">
              <value>
                <![CDATA[username13]]>
              </value>
            </param>
            <param index="1">
              <value>
                <![CDATA[password13]]>
              </value>
            </param>
          </params>
          <reporter-output>
          </reporter-output>
        </test-method> <!-- testcase -->
        <test-method signature="testcase(java.lang.String,java.lang.String)[pri:0, instance:TestNg.Dptestcase@52af26ee]" started-at="2022-01-24T23:55:59 IST" name="testcase" data-provider="testdata" finished-at="2022-01-24T23:55:59 IST" duration-ms="3" status="PASS">
          <params>
            <param index="0">
              <value>
                <![CDATA[username14]]>
              </value>
            </param>
            <param index="1">
              <value>
                <![CDATA[password14]]>
              </value>
            </param>
          </params>
          <reporter-output>
          </reporter-output>
        </test-method> <!-- testcase -->
        <test-method signature="testcase(java.lang.String,java.lang.String)[pri:0, instance:TestNg.Dptestcase@52af26ee]" started-at="2022-01-24T23:55:59 IST" name="testcase" data-provider="testdata" finished-at="2022-01-24T23:55:59 IST" duration-ms="2" status="PASS">
          <params>
            <param index="0">
              <value>
                <![CDATA[username15]]>
              </value>
            </param>
            <param index="1">
              <value>
                <![CDATA[password15]]>
              </value>
            </param>
          </params>
          <reporter-output>
          </reporter-output>
        </test-method> <!-- testcase -->
        <test-method signature="testcase(java.lang.String,java.lang.String)[pri:0, instance:TestNg.Dptestcase@52af26ee]" started-at="2022-01-24T23:55:59 IST" name="testcase" data-provider="testdata" finished-at="2022-01-24T23:55:59 IST" duration-ms="1" status="PASS">
          <params>
            <param index="0">
              <value>
                <![CDATA[username16]]>
              </value>
            </param>
            <param index="1">
              <value>
                <![CDATA[password16]]>
              </value>
            </param>
          </params>
          <reporter-output>
          </reporter-output>
        </test-method> <!-- testcase -->
        <test-method signature="testcase(java.lang.String,java.lang.String)[pri:0, instance:TestNg.Dptestcase@52af26ee]" started-at="2022-01-24T23:55:59 IST" name="testcase" data-provider="testdata" finished-at="2022-01-24T23:55:59 IST" duration-ms="1" status="PASS">
          <params>
            <param index="0">
              <value>
                <![CDATA[username17]]>
              </value>
            </param>
            <param index="1">
              <value>
                <![CDATA[password17]]>
              </value>
            </param>
          </params>
          <reporter-output>
          </reporter-output>
        </test-method> <!-- testcase -->
        <test-method signature="testcase(java.lang.String,java.lang.String)[pri:0, instance:TestNg.Dptestcase@52af26ee]" started-at="2022-01-24T23:55:59 IST" name="testcase" data-provider="testdata" finished-at="2022-01-24T23:55:59 IST" duration-ms="1" status="PASS">
          <params>
            <param index="0">
              <value>
                <![CDATA[username18]]>
              </value>
            </param>
            <param index="1">
              <value>
                <![CDATA[password18]]>
              </value>
            </param>
          </params>
          <reporter-output>
          </reporter-output>
        </test-method> <!-- testcase -->
        <test-method signature="testcase(java.lang.String,java.lang.String)[pri:0, instance:TestNg.Dptestcase@52af26ee]" started-at="2022-01-24T23:55:59 IST" name="testcase" data-provider="testdata" finished-at="2022-01-24T23:55:59 IST" duration-ms="0" status="PASS">
          <params>
            <param index="0">
              <value>
                <![CDATA[username19]]>
              </value>
            </param>
            <param index="1">
              <value>
                <![CDATA[password19]]>
              </value>
            </param>
          </params>
          <reporter-output>
          </reporter-output>
        </test-method> <!-- testcase -->
      </class> <!-- TestNg.Dptestcase -->
    </test> <!-- Default test -->
  </suite> <!-- Default suite -->
</testng-results>
