<?xml version="1.0" encoding="UTF-8"?>
<testng-results ignored="0" total="1" passed="1" failed="0" skipped="0">
  <reporter-output>
  </reporter-output>
  <suite started-at="2022-03-21T12:46:40 IST" name="Suite" finished-at="2022-03-21T12:46:51 IST" duration-ms="11500">
    <groups>
    </groups>
    <test started-at="2022-03-21T12:46:40 IST" name="Test" finished-at="2022-03-21T12:46:51 IST" duration-ms="11500">
      <class name="pomtest2.Logintest2">
        <test-method is-config="true" signature="initbrowser()[pri:0, instance:pomtest2.Logintest2@242b836]" started-at="2022-03-21T12:46:36 IST" name="initbrowser" finished-at="2022-03-21T12:46:40 IST" duration-ms="3897" status="PASS">
          <reporter-output>
          </reporter-output>
        </test-method> <!-- initbrowser -->
        <test-method is-config="true" signature="createobject()[pri:0, instance:pomtest2.Logintest2@242b836]" started-at="2022-03-21T12:46:40 IST" name="createobject" finished-at="2022-03-21T12:46:40 IST" duration-ms="25" status="PASS">
          <reporter-output>
          </reporter-output>
        </test-method> <!-- createobject -->
        <test-method signature="verifyurl()[pri:0, instance:pomtest2.Logintest2@242b836]" started-at="2022-03-21T12:46:40 IST" name="verifyurl" finished-at="2022-03-21T12:46:51 IST" duration-ms="11443" status="PASS">
          <reporter-output>
          </reporter-output>
        </test-method> <!-- verifyurl -->
      </class> <!-- pomtest2.Logintest2 -->
    </test> <!-- Test -->
  </suite> <!-- Suite -->
</testng-results>
